<?xml version="1.0" encoding="UTF-8"?>
<testng-results skipped="0" failed="1" total="1" passed="0">
  <reporter-output>
  </reporter-output>
  <suite name="Default suite" duration-ms="8396" started-at="2014-03-10T23:14:14Z" finished-at="2014-03-10T23:14:22Z">
    <groups>
    </groups>
    <test name="Default test" duration-ms="8396" started-at="2014-03-10T23:14:14Z" finished-at="2014-03-10T23:14:22Z">
      <class name="site.netease.NetEaseHistoryReadTest">
        <test-method status="PASS" signature="springTestContextBeforeTestClass()[pri:0, instance:site.netease.NetEaseHistoryReadTest@4b465dd5]" name="springTestContextBeforeTestClass" is-config="true" duration-ms="12" started-at="2014-03-10T23:14:14Z" finished-at="2014-03-10T23:14:14Z">
        </test-method> <!-- springTestContextBeforeTestClass -->
        <test-method status="PASS" signature="springTestContextPrepareTestInstance()[pri:0, instance:site.netease.NetEaseHistoryReadTest@4b465dd5]" name="springTestContextPrepareTestInstance" is-config="true" duration-ms="4978" started-at="2014-03-10T23:14:14Z" depends-on-methods="org.springframework.test.context.testng.AbstractTestNGSpringContextTests.springTestContextBeforeTestClass" finished-at="2014-03-10T23:14:19Z">
        </test-method> <!-- springTestContextPrepareTestInstance -->
        <test-method status="PASS" signature="springTestContextBeforeTestMethod(java.lang.reflect.Method)[pri:0, instance:site.netease.NetEaseHistoryReadTest@4b465dd5]" name="springTestContextBeforeTestMethod" is-config="true" duration-ms="1" started-at="2014-03-10T23:14:19Z" finished-at="2014-03-10T23:14:19Z">
          <params>
            <param index="0">
              <value>
                <![CDATA[public void site.netease.NetEaseHistoryReadTest.getParameter()]]>
              </value>
            </param>
          </params>
        </test-method> <!-- springTestContextBeforeTestMethod -->
        <test-method status="FAIL" signature="getParameter()[pri:0, instance:site.netease.NetEaseHistoryReadTest@4b465dd5]" name="getParameter" duration-ms="3373" started-at="2014-03-10T23:14:19Z" finished-at="2014-03-10T23:14:22Z">
          <exception class="java.lang.NumberFormatException">
            <message>
              <![CDATA[For input string: "开盘价"]]>
            </message>
            <full-stacktrace>
              <![CDATA[java.lang.NumberFormatException: For input string: "开盘价"
	at sun.misc.FloatingDecimal.readJavaFormatString(FloatingDecimal.java:1241)
	at java.lang.Double.valueOf(Double.java:504)
	at site.netease.NetEaseHistoryRead.writeDTOFromLine(NetEaseHistoryRead.java:80)
	at site.netease.NetEaseHistoryRead.writeTextTable(NetEaseHistoryRead.java:63)
	at site.netease.NetEaseHistoryRead.writeCodes(NetEaseHistoryRead.java:42)
	at site.netease.NetEaseHistoryReadTest.getParameter(NetEaseHistoryReadTest.java:16)
	at sun.reflect.NativeMethodAccessorImpl.invoke0(Native Method)
	at sun.reflect.NativeMethodAccessorImpl.invoke(NativeMethodAccessorImpl.java:57)
	at sun.reflect.DelegatingMethodAccessorImpl.invoke(DelegatingMethodAccessorImpl.java:43)
	at java.lang.reflect.Method.invoke(Method.java:606)
	at org.testng.internal.MethodInvocationHelper.invokeMethod(MethodInvocationHelper.java:80)
	at org.testng.internal.MethodInvocationHelper$1.runTestMethod(MethodInvocationHelper.java:182)
	at org.springframework.test.context.testng.AbstractTestNGSpringContextTests.run(AbstractTestNGSpringContextTests.java:155)
	at sun.reflect.NativeMethodAccessorImpl.invoke0(Native Method)
	at sun.reflect.NativeMethodAccessorImpl.invoke(NativeMethodAccessorImpl.java:57)
	at sun.reflect.DelegatingMethodAccessorImpl.invoke(DelegatingMethodAccessorImpl.java:43)
	at java.lang.reflect.Method.invoke(Method.java:606)
	at org.testng.internal.MethodInvocationHelper.invokeHookable(MethodInvocationHelper.java:194)
	at org.testng.internal.Invoker.invokeMethod(Invoker.java:695)
	at org.testng.internal.Invoker.invokeTestMethod(Invoker.java:894)
	at org.testng.internal.Invoker.invokeTestMethods(Invoker.java:1219)
	at org.testng.internal.TestMethodWorker.invokeTestMethods(TestMethodWorker.java:127)
	at org.testng.internal.TestMethodWorker.run(TestMethodWorker.java:111)
	at org.testng.TestRunner.privateRun(TestRunner.java:768)
	at org.testng.TestRunner.run(TestRunner.java:617)
	at org.testng.SuiteRunner.runTest(SuiteRunner.java:334)
	at org.testng.SuiteRunner.runSequentially(SuiteRunner.java:329)
	at org.testng.SuiteRunner.privateRun(SuiteRunner.java:291)
	at org.testng.SuiteRunner.run(SuiteRunner.java:240)
	at org.testng.SuiteRunnerWorker.runSuite(SuiteRunnerWorker.java:53)
	at org.testng.SuiteRunnerWorker.run(SuiteRunnerWorker.java:87)
	at org.testng.TestNG.runSuitesSequentially(TestNG.java:1185)
	at org.testng.TestNG.runSuitesLocally(TestNG.java:1110)
	at org.testng.TestNG.run(TestNG.java:1022)
	at org.testng.remote.RemoteTestNG.run(RemoteTestNG.java:109)
	at org.testng.remote.RemoteTestNG.initAndRun(RemoteTestNG.java:202)
	at org.testng.remote.RemoteTestNG.main(RemoteTestNG.java:173)
]]>
            </full-stacktrace>
          </exception> <!-- java.lang.NumberFormatException -->
        </test-method> <!-- getParameter -->
        <test-method status="PASS" signature="springTestContextAfterTestMethod(java.lang.reflect.Method)[pri:0, instance:site.netease.NetEaseHistoryReadTest@4b465dd5]" name="springTestContextAfterTestMethod" is-config="true" duration-ms="3" started-at="2014-03-10T23:14:22Z" finished-at="2014-03-10T23:14:22Z">
          <params>
            <param index="0">
              <value>
                <![CDATA[public void site.netease.NetEaseHistoryReadTest.getParameter()]]>
              </value>
            </param>
          </params>
        </test-method> <!-- springTestContextAfterTestMethod -->
        <test-method status="PASS" signature="springTestContextAfterTestClass()[pri:0, instance:site.netease.NetEaseHistoryReadTest@4b465dd5]" name="springTestContextAfterTestClass" is-config="true" duration-ms="1" started-at="2014-03-10T23:14:22Z" finished-at="2014-03-10T23:14:22Z">
        </test-method> <!-- springTestContextAfterTestClass -->
      </class> <!-- site.netease.NetEaseHistoryReadTest -->
    </test> <!-- Default test -->
  </suite> <!-- Default suite -->
</testng-results>
